<?xml version="1.0" encoding="UTF-8"?>
<testsuites name="AllCdT_Person" time="1" tests="0" failures="0" errors="0">
   <testsuite name="AllCdT_Person" tests="0" failures="0" errors="0" time="1" timestamp="2019-04-24 14:56:43" hostname="radjendirane - localhost" id="Test Suites/Person/AllCdT_Person">
      <properties>
         <property name="deviceName" value=""/>
         <property name="devicePlatform" value=""/>
         <property name="logFolder" value="/Users/radjendirane/Katalon Studio/PersonsTestApi/Reports/Person/AllCdT_Person/20190424_145640"/>
         <property name="logFiles" value="/Users/radjendirane/Katalon Studio/PersonsTestApi/Reports/Person/AllCdT_Person/20190424_145640/execution0.log"/>
         <property name="attachments" value=""/>
         <property name="hostName" value="radjendirane - localhost"/>
         <property name="hostAddress" value="127.0.0.1"/>
         <property name="os" value="Mac OS X 64bit"/>
         <property name="katalonVersion" value="6.1.1.1"/>
      </properties>
      <system-out><![CDATA[2019-04-24 14:56:43 - [TEST_SUITE][PASSED] - AllCdT_Person: null]]></system-out>
      <system-err><![CDATA[]]></system-err>
   </testsuite>
</testsuites>
